<?xml version="1.0" encoding="UTF-8"?>
<!-- Generated by org.testng.reporters.JUnitReportReporter -->
<testsuite hostname="DESKTOP-T8H87ST" failures="0" tests="1" name="end.end.testing.EcommerceApiTesting" time="22.707" errors="0" timestamp="2023-09-03T10:26:00 IST" skipped="0">
  <testcase classname="end.end.testing.EcommerceApiTesting" name="ecommerceApiTesting" time="22.707"/>
  <system-out/>
</testsuite> <!-- end.end.testing.EcommerceApiTesting -->
