<?xml version="1.0" encoding="UTF-8"?>
<!-- Generated by org.testng.reporters.JUnitReportReporter -->
<testsuite hostname="DESKTOP-T8H87ST" failures="0" tests="1" name="oAuth2.OAuthPractise" time="20.947" errors="0" timestamp="2023-08-31T17:45:18 IST" skipped="0">
  <testcase classname="oAuth2.OAuthPractise" name="oAuth" time="20.947"/>
  <system-out/>
</testsuite> <!-- oAuth2.OAuthPractise -->
