<?xml version="1.0" encoding="UTF-8"?>
<!-- Generated by org.testng.reporters.JUnitReportReporter -->
<testsuite hostname="DESKTOP-T8H87ST" failures="0" tests="1" name="crudOperation.CreateBook" time="17.057" errors="0" timestamp="2023-08-29T06:29:04 IST" skipped="0">
  <testcase classname="crudOperation.CreateBook" name="addBook" time="17.057"/>
  <system-out/>
</testsuite> <!-- crudOperation.CreateBook -->
