<?xml version="1.0" encoding="UTF-8"?>
<!-- Generated by org.testng.reporters.JUnitReportReporter -->
<testsuite hostname="DESKTOP-T8H87ST" failures="0" tests="1" name="spec.builder.Req_RespSpecBuilder" time="9.191" errors="0" timestamp="2023-09-01T17:49:09 IST" skipped="0">
  <testcase classname="spec.builder.Req_RespSpecBuilder" name="reqRespSpecBuilder" time="9.191"/>
  <system-out/>
</testsuite> <!-- spec.builder.Req_RespSpecBuilder -->
