<?xml version="1.0" encoding="UTF-8"?>
<!-- Generated by org.testng.reporters.JUnitReportReporter -->
<testsuite hostname="DESKTOP-T8H87ST" failures="0" tests="1" name="jira.Login" time="15.670" errors="0" timestamp="2023-08-30T17:24:06 IST" skipped="0">
  <testcase classname="jira.Login" name="login" time="15.670"/>
  <system-out/>
</testsuite> <!-- jira.Login -->
