<?xml version="1.0" encoding="UTF-8"?>
<!-- Generated by org.testng.reporters.JUnitReportReporter -->
<testsuite hostname="DESKTOP-T8H87ST" failures="0" tests="1" name="CRUD_Operation_GoogleMaps.CRU_Operation" time="21.667" errors="0" timestamp="2023-09-25T10:46:31 IST" skipped="0">
  <testcase classname="CRUD_Operation_GoogleMaps.CRU_Operation" name="create" time="21.667"/>
  <system-out/>
</testsuite> <!-- CRUD_Operation_GoogleMaps.CRU_Operation -->
