<?xml version="1.0" encoding="UTF-8"?>
<!-- Generated by org.testng.reporters.JUnitReportReporter -->
<testsuite hostname="DESKTOP-T8H87ST" failures="0" tests="1" name="spec.builder.Req_RespSpecBuilder" time="34.539" errors="0" timestamp="2023-09-11T17:14:43 IST" skipped="0">
  <testcase classname="spec.builder.Req_RespSpecBuilder" name="reqRespSpecBuilder" time="34.539"/>
  <system-out/>
</testsuite> <!-- spec.builder.Req_RespSpecBuilder -->
